1776882622.999053 client started (56932): version 3.6a, socket /private/tmp/tmux-501/default, protocol 8
1776882622.999104 on Darwin 25.4.0 Darwin Kernel Version 25.4.0: Thu Mar 19 19:31:09 PDT 2026; root:xnu-12377.101.15~1/RELEASE_ARM64_T8132
1776882622.999114 using libevent 2.1.12-stable select
1776882622.999356 using utf8proc 2.11.3
1776882622.999368 using ncurses 6.5 20240427
1776882622.999387 flags are 0x18010000
1776882622.999395 socket is /private/tmp/tmux-501/default
1776882622.999415 trying connect
1776882622.999441 connect failed: No such file or directory
1776882622.999461 lock file is /private/tmp/tmux-501/default.lock
1776882622.999575 flock succeeded
1776882622.999583 got lock (6)
1776882622.999591 trying connect
1776882622.999603 connect failed: No such file or directory
1776882623.000288 add peer 0x102acde00: 7 (0x0)
1776882623.003048 sending message 111 to peer 0x102acde00 (8 bytes)
1776882623.003062 sending message 111 to peer 0x102acde00 (8 bytes)
1776882623.003070 sending message 101 to peer 0x102acde00 (15 bytes)
1776882623.003077 sending message 109 to peer 0x102acde00 (4 bytes)
1776882623.003084 sending message 102 to peer 0x102acde00 (13 bytes)
1776882623.003090 sending message 108 to peer 0x102acde00 (57 bytes)
1776882623.003099 sending message 112 to peer 0x102acde00 (58 bytes)
1776882623.003106 sending message 112 to peer 0x102acde00 (5 bytes)
1776882623.003113 sending message 112 to peer 0x102acde00 (5 bytes)
1776882623.003125 sending message 112 to peer 0x102acde00 (6 bytes)
1776882623.003134 sending message 112 to peer 0x102acde00 (6 bytes)
1776882623.003143 sending message 112 to peer 0x102acde00 (11 bytes)
1776882623.003153 sending message 112 to peer 0x102acde00 (10 bytes)
1776882623.003160 sending message 112 to peer 0x102acde00 (13 bytes)
1776882623.003167 sending message 112 to peer 0x102acde00 (14 bytes)
1776882623.003174 sending message 112 to peer 0x102acde00 (19 bytes)
1776882623.003181 sending message 112 to peer 0x102acde00 (11 bytes)
1776882623.003189 sending message 112 to peer 0x102acde00 (10 bytes)
1776882623.003196 sending message 112 to peer 0x102acde00 (15 bytes)
1776882623.003203 sending message 112 to peer 0x102acde00 (21 bytes)
1776882623.003210 sending message 112 to peer 0x102acde00 (13 bytes)
1776882623.003217 sending message 112 to peer 0x102acde00 (7 bytes)
1776882623.003224 sending message 112 to peer 0x102acde00 (13 bytes)
1776882623.003230 sending message 112 to peer 0x102acde00 (7 bytes)
1776882623.003244 sending message 112 to peer 0x102acde00 (13 bytes)
1776882623.003252 sending message 112 to peer 0x102acde00 (9 bytes)
1776882623.003259 sending message 112 to peer 0x102acde00 (21 bytes)
1776882623.003267 sending message 112 to peer 0x102acde00 (13 bytes)
1776882623.003280 sending message 112 to peer 0x102acde00 (9 bytes)
1776882623.003288 sending message 112 to peer 0x102acde00 (16 bytes)
1776882623.003295 sending message 112 to peer 0x102acde00 (13 bytes)
1776882623.003302 sending message 112 to peer 0x102acde00 (9 bytes)
1776882623.003308 sending message 112 to peer 0x102acde00 (9 bytes)
1776882623.003315 sending message 112 to peer 0x102acde00 (12 bytes)
1776882623.003322 sending message 112 to peer 0x102acde00 (8 bytes)
1776882623.003329 sending message 112 to peer 0x102acde00 (8 bytes)
1776882623.003336 sending message 112 to peer 0x102acde00 (13 bytes)
1776882623.003343 sending message 112 to peer 0x102acde00 (7 bytes)
1776882623.003350 sending message 112 to peer 0x102acde00 (7 bytes)
1776882623.003357 sending message 112 to peer 0x102acde00 (9 bytes)
1776882623.003365 sending message 112 to peer 0x102acde00 (9 bytes)
1776882623.003372 sending message 112 to peer 0x102acde00 (15 bytes)
1776882623.003379 sending message 112 to peer 0x102acde00 (13 bytes)
1776882623.003385 sending message 112 to peer 0x102acde00 (12 bytes)
1776882623.003393 sending message 112 to peer 0x102acde00 (8 bytes)
1776882623.003400 sending message 112 to peer 0x102acde00 (14 bytes)
1776882623.003406 sending message 112 to peer 0x102acde00 (11 bytes)
1776882623.003413 sending message 112 to peer 0x102acde00 (9 bytes)
1776882623.003443 sending message 112 to peer 0x102acde00 (10 bytes)
1776882623.003450 sending message 112 to peer 0x102acde00 (10 bytes)
1776882623.003455 sending message 112 to peer 0x102acde00 (10 bytes)
1776882623.003461 sending message 112 to peer 0x102acde00 (10 bytes)
1776882623.003466 sending message 112 to peer 0x102acde00 (11 bytes)
1776882623.003471 sending message 112 to peer 0x102acde00 (12 bytes)
1776882623.003476 sending message 112 to peer 0x102acde00 (12 bytes)
1776882623.003482 sending message 112 to peer 0x102acde00 (12 bytes)
1776882623.003487 sending message 112 to peer 0x102acde00 (12 bytes)
1776882623.003492 sending message 112 to peer 0x102acde00 (12 bytes)
1776882623.003503 sending message 112 to peer 0x102acde00 (11 bytes)
1776882623.003510 sending message 112 to peer 0x102acde00 (11 bytes)
1776882623.003516 sending message 112 to peer 0x102acde00 (12 bytes)
1776882623.003522 sending message 112 to peer 0x102acde00 (12 bytes)
1776882623.003528 sending message 112 to peer 0x102acde00 (12 bytes)
1776882623.003533 sending message 112 to peer 0x102acde00 (12 bytes)
1776882623.003539 sending message 112 to peer 0x102acde00 (12 bytes)
1776882623.003544 sending message 112 to peer 0x102acde00 (9 bytes)
1776882623.003550 sending message 112 to peer 0x102acde00 (12 bytes)
1776882623.003556 sending message 112 to peer 0x102acde00 (13 bytes)
1776882623.003561 sending message 112 to peer 0x102acde00 (13 bytes)
1776882623.003566 sending message 112 to peer 0x102acde00 (13 bytes)
1776882623.003572 sending message 112 to peer 0x102acde00 (13 bytes)
1776882623.003577 sending message 112 to peer 0x102acde00 (13 bytes)
1776882623.003582 sending message 112 to peer 0x102acde00 (8 bytes)
1776882623.003587 sending message 112 to peer 0x102acde00 (11 bytes)
1776882623.003592 sending message 112 to peer 0x102acde00 (11 bytes)
1776882623.003598 sending message 112 to peer 0x102acde00 (11 bytes)
1776882623.003603 sending message 112 to peer 0x102acde00 (12 bytes)
1776882623.003608 sending message 112 to peer 0x102acde00 (12 bytes)
1776882623.003613 sending message 112 to peer 0x102acde00 (12 bytes)
1776882623.003619 sending message 112 to peer 0x102acde00 (12 bytes)
1776882623.003624 sending message 112 to peer 0x102acde00 (13 bytes)
1776882623.003629 sending message 112 to peer 0x102acde00 (13 bytes)
1776882623.003634 sending message 112 to peer 0x102acde00 (13 bytes)
1776882623.003639 sending message 112 to peer 0x102acde00 (8 bytes)
1776882623.003644 sending message 112 to peer 0x102acde00 (13 bytes)
1776882623.003650 sending message 112 to peer 0x102acde00 (13 bytes)
1776882623.003655 sending message 112 to peer 0x102acde00 (13 bytes)
1776882623.003661 sending message 112 to peer 0x102acde00 (13 bytes)
1776882623.003666 sending message 112 to peer 0x102acde00 (13 bytes)
1776882623.003671 sending message 112 to peer 0x102acde00 (12 bytes)
1776882623.003676 sending message 112 to peer 0x102acde00 (12 bytes)
1776882623.003681 sending message 112 to peer 0x102acde00 (12 bytes)
1776882623.003687 sending message 112 to peer 0x102acde00 (12 bytes)
1776882623.003692 sending message 112 to peer 0x102acde00 (13 bytes)
1776882623.003698 sending message 112 to peer 0x102acde00 (8 bytes)
1776882623.003703 sending message 112 to peer 0x102acde00 (13 bytes)
1776882623.003708 sending message 112 to peer 0x102acde00 (13 bytes)
1776882623.003713 sending message 112 to peer 0x102acde00 (13 bytes)
1776882623.003719 sending message 112 to peer 0x102acde00 (13 bytes)
1776882623.003724 sending message 112 to peer 0x102acde00 (13 bytes)
1776882623.003729 sending message 112 to peer 0x102acde00 (13 bytes)
1776882623.003734 sending message 112 to peer 0x102acde00 (13 bytes)
1776882623.003740 sending message 112 to peer 0x102acde00 (12 bytes)
1776882623.003745 sending message 112 to peer 0x102acde00 (12 bytes)
1776882623.003750 sending message 112 to peer 0x102acde00 (12 bytes)
1776882623.003756 sending message 112 to peer 0x102acde00 (8 bytes)
1776882623.003762 sending message 112 to peer 0x102acde00 (12 bytes)
1776882623.003773 sending message 112 to peer 0x102acde00 (13 bytes)
1776882623.003779 sending message 112 to peer 0x102acde00 (13 bytes)
1776882623.003784 sending message 112 to peer 0x102acde00 (13 bytes)
1776882623.003789 sending message 112 to peer 0x102acde00 (13 bytes)
1776882623.003795 sending message 112 to peer 0x102acde00 (13 bytes)
1776882623.003799 sending message 112 to peer 0x102acde00 (13 bytes)
1776882623.003805 sending message 112 to peer 0x102acde00 (13 bytes)
1776882623.003810 sending message 112 to peer 0x102acde00 (13 bytes)
1776882623.003815 sending message 112 to peer 0x102acde00 (12 bytes)
1776882623.003820 sending message 112 to peer 0x102acde00 (10 bytes)
1776882623.003826 sending message 112 to peer 0x102acde00 (12 bytes)
1776882623.003831 sending message 112 to peer 0x102acde00 (12 bytes)
1776882623.003836 sending message 112 to peer 0x102acde00 (12 bytes)
1776882623.003842 sending message 112 to peer 0x102acde00 (13 bytes)
1776882623.003847 sending message 112 to peer 0x102acde00 (13 bytes)
1776882623.003853 sending message 112 to peer 0x102acde00 (13 bytes)
1776882623.003858 sending message 112 to peer 0x102acde00 (13 bytes)
1776882623.003863 sending message 112 to peer 0x102acde00 (13 bytes)
1776882623.003869 sending message 112 to peer 0x102acde00 (13 bytes)
1776882623.003875 sending message 112 to peer 0x102acde00 (13 bytes)
1776882623.003880 sending message 112 to peer 0x102acde00 (10 bytes)
1776882623.003885 sending message 112 to peer 0x102acde00 (13 bytes)
1776882623.003891 sending message 112 to peer 0x102acde00 (12 bytes)
1776882623.003896 sending message 112 to peer 0x102acde00 (12 bytes)
1776882623.003901 sending message 112 to peer 0x102acde00 (12 bytes)
1776882623.003906 sending message 112 to peer 0x102acde00 (10 bytes)
1776882623.003911 sending message 112 to peer 0x102acde00 (10 bytes)
1776882623.003916 sending message 112 to peer 0x102acde00 (10 bytes)
1776882623.003921 sending message 112 to peer 0x102acde00 (12 bytes)
1776882623.003925 sending message 112 to peer 0x102acde00 (13 bytes)
1776882623.003930 sending message 112 to peer 0x102acde00 (13 bytes)
1776882623.003934 sending message 112 to peer 0x102acde00 (13 bytes)
1776882623.003939 sending message 112 to peer 0x102acde00 (13 bytes)
1776882623.003943 sending message 112 to peer 0x102acde00 (13 bytes)
1776882623.003948 sending message 112 to peer 0x102acde00 (10 bytes)
1776882623.003953 sending message 112 to peer 0x102acde00 (11 bytes)
1776882623.003958 sending message 112 to peer 0x102acde00 (12 bytes)
1776882623.003963 sending message 112 to peer 0x102acde00 (12 bytes)
1776882623.003969 sending message 112 to peer 0x102acde00 (12 bytes)
1776882623.003974 sending message 112 to peer 0x102acde00 (12 bytes)
1776882623.003979 sending message 112 to peer 0x102acde00 (12 bytes)
1776882623.003984 sending message 112 to peer 0x102acde00 (11 bytes)
1776882623.003990 sending message 112 to peer 0x102acde00 (12 bytes)
1776882623.003994 sending message 112 to peer 0x102acde00 (12 bytes)
1776882623.004000 sending message 112 to peer 0x102acde00 (13 bytes)
1776882623.004005 sending message 112 to peer 0x102acde00 (13 bytes)
1776882623.004010 sending message 112 to peer 0x102acde00 (13 bytes)
1776882623.004016 sending message 112 to peer 0x102acde00 (13 bytes)
1776882623.004021 sending message 112 to peer 0x102acde00 (13 bytes)
1776882623.004026 sending message 112 to peer 0x102acde00 (10 bytes)
1776882623.004032 sending message 112 to peer 0x102acde00 (9 bytes)
1776882623.004037 sending message 112 to peer 0x102acde00 (12 bytes)
1776882623.004042 sending message 112 to peer 0x102acde00 (13 bytes)
1776882623.004048 sending message 112 to peer 0x102acde00 (13 bytes)
1776882623.004053 sending message 112 to peer 0x102acde00 (13 bytes)
1776882623.004058 sending message 112 to peer 0x102acde00 (13 bytes)
1776882623.004064 sending message 112 to peer 0x102acde00 (13 bytes)
1776882623.004069 sending message 112 to peer 0x102acde00 (9 bytes)
1776882623.004075 sending message 112 to peer 0x102acde00 (12 bytes)
1776882623.004080 sending message 112 to peer 0x102acde00 (13 bytes)
1776882623.004091 sending message 112 to peer 0x102acde00 (13 bytes)
1776882623.004096 sending message 112 to peer 0x102acde00 (13 bytes)
1776882623.004101 sending message 112 to peer 0x102acde00 (13 bytes)
1776882623.004107 sending message 112 to peer 0x102acde00 (13 bytes)
1776882623.004112 sending message 112 to peer 0x102acde00 (11 bytes)
1776882623.004118 sending message 112 to peer 0x102acde00 (12 bytes)
1776882623.004123 sending message 112 to peer 0x102acde00 (13 bytes)
1776882623.004128 sending message 112 to peer 0x102acde00 (13 bytes)
1776882623.004134 sending message 112 to peer 0x102acde00 (13 bytes)
1776882623.004139 sending message 112 to peer 0x102acde00 (13 bytes)
1776882623.004144 sending message 112 to peer 0x102acde00 (13 bytes)
1776882623.004149 sending message 112 to peer 0x102acde00 (11 bytes)
1776882623.004154 sending message 112 to peer 0x102acde00 (12 bytes)
1776882623.004160 sending message 112 to peer 0x102acde00 (12 bytes)
1776882623.004165 sending message 112 to peer 0x102acde00 (12 bytes)
1776882623.004170 sending message 112 to peer 0x102acde00 (12 bytes)
1776882623.004176 sending message 112 to peer 0x102acde00 (12 bytes)
1776882623.004182 sending message 112 to peer 0x102acde00 (21 bytes)
1776882623.004188 sending message 112 to peer 0x102acde00 (12 bytes)
1776882623.004193 sending message 112 to peer 0x102acde00 (9 bytes)
1776882623.004198 sending message 112 to peer 0x102acde00 (6 bytes)
1776882623.004204 sending message 112 to peer 0x102acde00 (13 bytes)
1776882623.004210 sending message 112 to peer 0x102acde00 (10 bytes)
1776882623.004215 sending message 112 to peer 0x102acde00 (24 bytes)
1776882623.004220 sending message 112 to peer 0x102acde00 (13 bytes)
1776882623.004225 sending message 112 to peer 0x102acde00 (9 bytes)
1776882623.004231 sending message 112 to peer 0x102acde00 (70 bytes)
1776882623.004236 sending message 112 to peer 0x102acde00 (69 bytes)
1776882623.004242 sending message 112 to peer 0x102acde00 (12 bytes)
1776882623.004247 sending message 112 to peer 0x102acde00 (10 bytes)
1776882623.004252 sending message 112 to peer 0x102acde00 (10 bytes)
1776882623.004257 sending message 112 to peer 0x102acde00 (24 bytes)
1776882623.004263 sending message 112 to peer 0x102acde00 (13 bytes)
1776882623.004268 sending message 112 to peer 0x102acde00 (10 bytes)
1776882623.004273 sending message 112 to peer 0x102acde00 (10 bytes)
1776882623.004278 sending message 112 to peer 0x102acde00 (10 bytes)
1776882623.004285 sending message 112 to peer 0x102acde00 (13 bytes)
1776882623.004290 sending message 112 to peer 0x102acde00 (15 bytes)
1776882623.004295 sending message 112 to peer 0x102acde00 (5 bytes)
1776882623.004303 sending message 104 to peer 0x102acde00 (0 bytes)
1776882623.004310 sending message 110 to peer 0x102acde00 (0 bytes)
1776882623.004315 sending message 107 to peer 0x102acde00 (4 bytes)
1776882623.004320 sending message 105 to peer 0x102acde00 (28 bytes)
1776882623.004325 sending message 105 to peer 0x102acde00 (15 bytes)
1776882623.004330 sending message 105 to peer 0x102acde00 (20 bytes)
1776882623.004335 sending message 105 to peer 0x102acde00 (57 bytes)
1776882623.004341 sending message 105 to peer 0x102acde00 (25 bytes)
1776882623.004346 sending message 105 to peer 0x102acde00 (53 bytes)
1776882623.004351 sending message 105 to peer 0x102acde00 (20 bytes)
1776882623.004357 sending message 105 to peer 0x102acde00 (62 bytes)
1776882623.004363 sending message 105 to peer 0x102acde00 (702 bytes)
1776882623.004368 sending message 105 to peer 0x102acde00 (40 bytes)
1776882623.004382 sending message 105 to peer 0x102acde00 (61 bytes)
1776882623.004388 sending message 105 to peer 0x102acde00 (14 bytes)
1776882623.004394 sending message 105 to peer 0x102acde00 (19 bytes)
1776882623.004400 sending message 105 to peer 0x102acde00 (8 bytes)
1776882623.004405 sending message 105 to peer 0x102acde00 (27 bytes)
1776882623.004411 sending message 105 to peer 0x102acde00 (23 bytes)
1776882623.004416 sending message 105 to peer 0x102acde00 (18 bytes)
1776882623.004430 sending message 105 to peer 0x102acde00 (20 bytes)
1776882623.004436 sending message 105 to peer 0x102acde00 (64 bytes)
1776882623.004441 sending message 105 to peer 0x102acde00 (30 bytes)
1776882623.004447 sending message 105 to peer 0x102acde00 (37 bytes)
1776882623.004452 sending message 105 to peer 0x102acde00 (34 bytes)
1776882623.004458 sending message 105 to peer 0x102acde00 (35 bytes)
1776882623.004463 sending message 105 to peer 0x102acde00 (35 bytes)
1776882623.004468 sending message 105 to peer 0x102acde00 (16 bytes)
1776882623.004474 sending message 105 to peer 0x102acde00 (61 bytes)
1776882623.004479 sending message 105 to peer 0x102acde00 (70 bytes)
1776882623.004485 sending message 105 to peer 0x102acde00 (39 bytes)
1776882623.004489 sending message 105 to peer 0x102acde00 (17 bytes)
1776882623.004494 sending message 105 to peer 0x102acde00 (25 bytes)
1776882623.004499 sending message 106 to peer 0x102acde00 (0 bytes)
1776882623.004571 sending message 200 to peer 0x102acde00 (4 bytes)
1776882623.004578 client loop enter
1776882623.004618 client_signal: Child exited: 20
1776882623.055723 peer 0x102acde00 message 207
1776882623.055732 sending message 208 to peer 0x102acde00 (0 bytes)
1776882640.179525 peer 0x102acde00 message 203
1776882640.179574 sending message 205 to peer 0x102acde00 (0 bytes)
1776882640.179822 peer 0x102acde00 message 204
1776882640.179832 client loop exit
